2022-02-05 13:43:06,416 INFO p.m.D.DemoRestApiApplicationTests [main] Starting DemoRestApiApplicationTests using Java 17.0.1 on DESKTOP-9I824U3 with PID 15204 (started by MajQs-Lenovo in E:\GitHub\DemoRestApi\DemoRestApi\DemoRestApi)
2022-02-05 13:43:06,431 DEBUG p.m.D.DemoRestApiApplicationTests [main] Running with Spring Boot v2.6.3, Spring v5.3.15
2022-02-05 13:43:06,432 INFO p.m.D.DemoRestApiApplicationTests [main] No active profile set, falling back to default profiles: default
2022-02-05 13:43:12,369 INFO p.m.D.DemoRestApiApplicationTests [main] Started DemoRestApiApplicationTests in 6.315 seconds (JVM running for 9.604)
2022-02-05 13:43:12,825 INFO p.m.D.r.UserRepositoryTest [main] Starting UserRepositoryTest using Java 17.0.1 on DESKTOP-9I824U3 with PID 15204 (started by MajQs-Lenovo in E:\GitHub\DemoRestApi\DemoRestApi\DemoRestApi)
2022-02-05 13:43:12,827 DEBUG p.m.D.r.UserRepositoryTest [main] Running with Spring Boot v2.6.3, Spring v5.3.15
2022-02-05 13:43:12,828 INFO p.m.D.r.UserRepositoryTest [main] No active profile set, falling back to default profiles: default
2022-02-05 13:43:13,616 INFO p.m.D.r.UserRepositoryTest [main] Started UserRepositoryTest in 0.851 seconds (JVM running for 10.851)
2022-02-05 13:43:14,239 INFO p.m.D.s.UserCSVFileLoader [main] Loading CSV file from path src/main/resources/examplefilewithexceptions.csv
2022-02-05 13:43:14,514 INFO p.m.D.s.UserCSVFileLoader [main] CSV file loaded successful
2022-02-05 13:43:14,522 WARN p.m.D.s.UserCSVFileLoader [main] Exceptions found in file src/main/resources/examplefilewithexceptions.csv
[Line 3: Number of data fields does not match number of headers., Line 5: Field 'firstName' is mandatory but no value was provided., Line 5: Field 'lastName' is mandatory but no value was provided., Line 5: Field 'birthDate' is mandatory but no value was provided., Line 7: Number of data fields does not match number of headers., Line 9: Conversion of - to java.lang.Integer failed.]
2022-02-05 13:43:14,525 INFO p.m.D.s.UserCSVFileLoader [main] Loading CSV file from path src/main/resources/examplefilewithexceptions.csv
2022-02-05 13:43:14,538 INFO p.m.D.s.UserCSVFileLoader [main] CSV file loaded successful
2022-02-05 13:43:14,539 WARN p.m.D.s.UserCSVFileLoader [main] Exceptions found in file src/main/resources/examplefilewithexceptions.csv
[Line 3: Number of data fields does not match number of headers., Line 5: Field 'firstName' is mandatory but no value was provided., Line 5: Field 'lastName' is mandatory but no value was provided., Line 5: Field 'birthDate' is mandatory but no value was provided., Line 7: Number of data fields does not match number of headers., Line 9: Conversion of - to java.lang.Integer failed.]
2022-02-05 13:43:14,546 INFO p.m.D.s.UserCSVFileLoader [main] Loading CSV file from path src/main/resources/examplefilewitherror.csv
2022-02-05 13:43:14,561 ERROR p.m.D.s.UserCSVFileLoader [main] Error in file: java.lang.RuntimeException: Error capturing CSV header!
2022-02-05 13:43:14,578 INFO p.m.D.s.UserCSVFileLoader [main] Loading CSV file from path src/main/resources/examplefilewithexceptions.csv
2022-02-05 13:43:14,607 INFO p.m.D.s.UserCSVFileLoader [main] CSV file loaded successful
2022-02-05 13:43:14,607 WARN p.m.D.s.UserCSVFileLoader [main] Exceptions found in file src/main/resources/examplefilewithexceptions.csv
[Line 3: Number of data fields does not match number of headers., Line 5: Field 'firstName' is mandatory but no value was provided., Line 5: Field 'lastName' is mandatory but no value was provided., Line 5: Field 'birthDate' is mandatory but no value was provided., Line 7: Number of data fields does not match number of headers., Line 9: Conversion of - to java.lang.Integer failed.]
2022-02-05 13:43:14,610 INFO p.m.D.s.UserCSVFileLoader [main] Loading CSV file from path not/existing/path.csv
2022-02-05 13:43:14,611 ERROR p.m.D.s.UserCSVFileLoader [main] File not found not\existing\path.csv
2022-02-05 13:43:14,862 INFO p.m.D.s.UserService [main] Deleting user with id = 1 ... 
2022-02-05 13:43:14,867 INFO p.m.D.s.UserService [main] UserId = 1 has been deleted successfully
2022-02-05 13:43:14,899 INFO p.m.D.s.UserService [main] Deleting user with id = 1 ... 
2022-02-05 13:43:14,900 WARN p.m.D.s.UserService [main] Not found user with userId = 1
2022-02-05 13:43:14,913 INFO p.m.D.s.UserService [main] Loading users from CSV file to database...
2022-02-05 13:43:14,913 INFO p.m.D.s.UserCSVFileLoader [main] Loading CSV file from path src/main/resources/examplefilewithexceptions.csv
2022-02-05 13:43:14,927 INFO p.m.D.s.UserCSVFileLoader [main] CSV file loaded successful
2022-02-05 13:43:14,927 WARN p.m.D.s.UserCSVFileLoader [main] Exceptions found in file src/main/resources/examplefilewithexceptions.csv
[Line 3: Number of data fields does not match number of headers., Line 5: Field 'firstName' is mandatory but no value was provided., Line 5: Field 'lastName' is mandatory but no value was provided., Line 5: Field 'birthDate' is mandatory but no value was provided., Line 7: Number of data fields does not match number of headers., Line 9: Conversion of - to java.lang.Integer failed.]
2022-02-05 13:43:14,931 INFO p.m.D.s.UserService [main] Users saved in database successfully
2022-02-05 13:43:14,931 WARN p.m.D.s.UserService [main] The file contains some exceptions that were not handled
2022-02-05 13:43:14,942 INFO p.m.D.s.UserService [main] Deleting all users from database...
2022-02-05 13:43:14,943 INFO p.m.D.s.UserService [main] All users has been deleted from database successfully
2022-02-05 13:43:14,963 INFO p.m.D.s.UserService [main] Loading users from CSV file to database...
2022-02-05 13:43:14,964 INFO p.m.D.s.UserCSVFileLoader [main] Loading CSV file from path src/main/resources/examplefile.csv
2022-02-05 13:43:14,998 INFO p.m.D.s.UserCSVFileLoader [main] CSV file loaded successful
2022-02-05 13:43:15,001 INFO p.m.D.s.UserService [main] Users saved in database successfully
2022-02-05 13:43:15,002 WARN p.m.D.s.UserService [main] The file contains some exceptions that were not handled
2022-02-05 13:43:15,036 INFO p.m.D.s.UserService [main] Loading users from CSV file to database...
2022-02-05 13:43:15,038 INFO p.m.D.s.UserCSVFileLoader [main] Loading CSV file from path src/main/resources/examplefile.csv
2022-02-05 13:43:15,053 INFO p.m.D.s.UserCSVFileLoader [main] CSV file loaded successful
2022-02-05 13:43:15,059 INFO p.m.D.s.UserService [main] Users saved in database successfully
2022-02-05 13:43:15,119 INFO p.m.D.s.UserService [main] Loading users from CSV file to database...
2022-02-05 13:43:15,120 INFO p.m.D.s.UserCSVFileLoader [main] Loading CSV file from path src/main/resources/examplefilewitherror.csv
2022-02-05 13:43:15,164 ERROR p.m.D.s.UserCSVFileLoader [main] Error in file: java.lang.RuntimeException: Error capturing CSV header!
2022-02-05 13:43:15,169 INFO p.m.D.s.UserService [main] Deleting user with id = 1 ... 
2022-02-05 13:43:15,171 INFO p.m.D.s.UserService [main] UserId = 1 has been deleted successfully
2022-02-05 13:43:15,176 INFO p.m.D.s.UserService [main] Loading users from CSV file to database...
2022-02-05 13:43:15,176 INFO p.m.D.s.UserCSVFileLoader [main] Loading CSV file from path not/exist/path.csv
2022-02-05 13:43:15,177 ERROR p.m.D.s.UserCSVFileLoader [main] File not found not\exist\path.csv
2022-02-05 13:53:22,621 INFO p.m.D.DemoRestApiApplicationTests [main] Starting DemoRestApiApplicationTests using Java 17.0.1 on DESKTOP-9I824U3 with PID 13384 (started by MajQs-Lenovo in E:\GitHub\DemoRestApi\DemoRestApi\DemoRestApi)
2022-02-05 13:53:22,625 DEBUG p.m.D.DemoRestApiApplicationTests [main] Running with Spring Boot v2.6.3, Spring v5.3.15
2022-02-05 13:53:22,625 INFO p.m.D.DemoRestApiApplicationTests [main] No active profile set, falling back to default profiles: default
2022-02-05 13:53:29,028 INFO p.m.D.DemoRestApiApplicationTests [main] Started DemoRestApiApplicationTests in 6.774 seconds (JVM running for 9.802)
2022-02-05 13:53:29,427 INFO p.m.D.r.UserRepositoryTest [main] Starting UserRepositoryTest using Java 17.0.1 on DESKTOP-9I824U3 with PID 13384 (started by MajQs-Lenovo in E:\GitHub\DemoRestApi\DemoRestApi\DemoRestApi)
2022-02-05 13:53:29,428 DEBUG p.m.D.r.UserRepositoryTest [main] Running with Spring Boot v2.6.3, Spring v5.3.15
2022-02-05 13:53:29,428 INFO p.m.D.r.UserRepositoryTest [main] No active profile set, falling back to default profiles: default
2022-02-05 13:53:30,132 INFO p.m.D.r.UserRepositoryTest [main] Started UserRepositoryTest in 0.75 seconds (JVM running for 10.907)
2022-02-05 13:53:30,683 INFO p.m.D.s.UserCSVFileLoader [main] Loading CSV file from path src/main/resources/examplefilewithexceptions.csv
2022-02-05 13:53:30,873 INFO p.m.D.s.UserCSVFileLoader [main] CSV file loaded successful
2022-02-05 13:53:30,879 WARN p.m.D.s.UserCSVFileLoader [main] Exceptions found in file src/main/resources/examplefilewithexceptions.csv
[Line 3: Number of data fields does not match number of headers., Line 5: Field 'firstName' is mandatory but no value was provided., Line 5: Field 'lastName' is mandatory but no value was provided., Line 5: Field 'birthDate' is mandatory but no value was provided., Line 7: Number of data fields does not match number of headers., Line 9: Conversion of - to java.lang.Integer failed.]
2022-02-05 13:53:30,885 INFO p.m.D.s.UserCSVFileLoader [main] Loading CSV file from path src/main/resources/examplefilewithexceptions.csv
2022-02-05 13:53:30,897 INFO p.m.D.s.UserCSVFileLoader [main] CSV file loaded successful
2022-02-05 13:53:30,897 WARN p.m.D.s.UserCSVFileLoader [main] Exceptions found in file src/main/resources/examplefilewithexceptions.csv
[Line 3: Number of data fields does not match number of headers., Line 5: Field 'firstName' is mandatory but no value was provided., Line 5: Field 'lastName' is mandatory but no value was provided., Line 5: Field 'birthDate' is mandatory but no value was provided., Line 7: Number of data fields does not match number of headers., Line 9: Conversion of - to java.lang.Integer failed.]
2022-02-05 13:53:30,903 INFO p.m.D.s.UserCSVFileLoader [main] Loading CSV file from path src/main/resources/examplefilewitherror.csv
2022-02-05 13:53:30,912 ERROR p.m.D.s.UserCSVFileLoader [main] Error in file: java.lang.RuntimeException: Error capturing CSV header!
2022-02-05 13:53:30,923 INFO p.m.D.s.UserCSVFileLoader [main] Loading CSV file from path src/main/resources/examplefilewithexceptions.csv
2022-02-05 13:53:30,948 INFO p.m.D.s.UserCSVFileLoader [main] CSV file loaded successful
2022-02-05 13:53:30,949 WARN p.m.D.s.UserCSVFileLoader [main] Exceptions found in file src/main/resources/examplefilewithexceptions.csv
[Line 3: Number of data fields does not match number of headers., Line 5: Field 'firstName' is mandatory but no value was provided., Line 5: Field 'lastName' is mandatory but no value was provided., Line 5: Field 'birthDate' is mandatory but no value was provided., Line 7: Number of data fields does not match number of headers., Line 9: Conversion of - to java.lang.Integer failed.]
2022-02-05 13:53:30,954 INFO p.m.D.s.UserCSVFileLoader [main] Loading CSV file from path not/existing/path.csv
2022-02-05 13:53:30,955 ERROR p.m.D.s.UserCSVFileLoader [main] File not found not\existing\path.csv
2022-02-05 13:53:31,252 INFO p.m.D.s.UserService [main] Deleting user with id = 1 ... 
2022-02-05 13:53:31,257 INFO p.m.D.s.UserService [main] UserId = 1 has been deleted successfully
2022-02-05 13:53:31,294 INFO p.m.D.s.UserService [main] Deleting user with id = 1 ... 
2022-02-05 13:53:31,295 WARN p.m.D.s.UserService [main] Not found user with userId = 1
2022-02-05 13:53:31,306 INFO p.m.D.s.UserService [main] Loading users from CSV file to database...
2022-02-05 13:53:31,306 INFO p.m.D.s.UserCSVFileLoader [main] Loading CSV file from path src/main/resources/examplefilewithexceptions.csv
2022-02-05 13:53:31,325 INFO p.m.D.s.UserCSVFileLoader [main] CSV file loaded successful
2022-02-05 13:53:31,327 WARN p.m.D.s.UserCSVFileLoader [main] Exceptions found in file src/main/resources/examplefilewithexceptions.csv
[Line 3: Number of data fields does not match number of headers., Line 5: Field 'firstName' is mandatory but no value was provided., Line 5: Field 'lastName' is mandatory but no value was provided., Line 5: Field 'birthDate' is mandatory but no value was provided., Line 7: Number of data fields does not match number of headers., Line 9: Conversion of - to java.lang.Integer failed.]
2022-02-05 13:53:31,333 INFO p.m.D.s.UserService [main] Users saved in database successfully
2022-02-05 13:53:31,333 WARN p.m.D.s.UserService [main] The file contains some exceptions that were not handled
2022-02-05 13:53:31,338 INFO p.m.D.s.UserService [main] Deleting all users from database...
2022-02-05 13:53:31,339 INFO p.m.D.s.UserService [main] All users has been deleted from database successfully
2022-02-05 13:53:31,345 INFO p.m.D.s.UserService [main] Loading users from CSV file to database...
2022-02-05 13:53:31,350 INFO p.m.D.s.UserCSVFileLoader [main] Loading CSV file from path src/main/resources/examplefile.csv
2022-02-05 13:53:31,381 INFO p.m.D.s.UserCSVFileLoader [main] CSV file loaded successful
2022-02-05 13:53:31,383 INFO p.m.D.s.UserService [main] Users saved in database successfully
2022-02-05 13:53:31,383 WARN p.m.D.s.UserService [main] The file contains some exceptions that were not handled
2022-02-05 13:53:31,392 INFO p.m.D.s.UserService [main] Loading users from CSV file to database...
2022-02-05 13:53:31,397 INFO p.m.D.s.UserCSVFileLoader [main] Loading CSV file from path src/main/resources/examplefile.csv
2022-02-05 13:53:31,423 INFO p.m.D.s.UserCSVFileLoader [main] CSV file loaded successful
2022-02-05 13:53:31,425 INFO p.m.D.s.UserService [main] Users saved in database successfully
2022-02-05 13:53:31,460 INFO p.m.D.s.UserService [main] Loading users from CSV file to database...
2022-02-05 13:53:31,461 INFO p.m.D.s.UserCSVFileLoader [main] Loading CSV file from path src/main/resources/examplefilewitherror.csv
2022-02-05 13:53:31,465 ERROR p.m.D.s.UserCSVFileLoader [main] Error in file: java.lang.RuntimeException: Error capturing CSV header!
2022-02-05 13:53:31,473 INFO p.m.D.s.UserService [main] Deleting user with id = 1 ... 
2022-02-05 13:53:31,475 INFO p.m.D.s.UserService [main] UserId = 1 has been deleted successfully
2022-02-05 13:53:31,479 INFO p.m.D.s.UserService [main] Loading users from CSV file to database...
2022-02-05 13:53:31,480 INFO p.m.D.s.UserCSVFileLoader [main] Loading CSV file from path not/exist/path.csv
2022-02-05 13:53:31,481 ERROR p.m.D.s.UserCSVFileLoader [main] File not found not\exist\path.csv
2022-02-05 18:01:52,490 INFO p.m.D.DemoRestApiApplicationTests [main] Starting DemoRestApiApplicationTests using Java 17.0.1 on DESKTOP-9I824U3 with PID 13816 (started by MajQs-Lenovo in E:\GitHub\DemoRestApi\DemoRestApi\DemoRestApi)
2022-02-05 18:01:52,498 DEBUG p.m.D.DemoRestApiApplicationTests [main] Running with Spring Boot v2.6.3, Spring v5.3.15
2022-02-05 18:01:52,498 INFO p.m.D.DemoRestApiApplicationTests [main] No active profile set, falling back to default profiles: default
2022-02-05 18:02:03,020 INFO p.m.D.DemoRestApiApplicationTests [main] Started DemoRestApiApplicationTests in 11.499 seconds (JVM running for 17.403)
2022-02-05 18:02:03,693 INFO p.m.D.r.UserRepositoryTest [main] Starting UserRepositoryTest using Java 17.0.1 on DESKTOP-9I824U3 with PID 13816 (started by MajQs-Lenovo in E:\GitHub\DemoRestApi\DemoRestApi\DemoRestApi)
2022-02-05 18:02:03,694 DEBUG p.m.D.r.UserRepositoryTest [main] Running with Spring Boot v2.6.3, Spring v5.3.15
2022-02-05 18:02:03,695 INFO p.m.D.r.UserRepositoryTest [main] No active profile set, falling back to default profiles: default
2022-02-05 18:02:04,538 INFO p.m.D.r.UserRepositoryTest [main] Started UserRepositoryTest in 0.911 seconds (JVM running for 18.92)
2022-02-05 18:02:05,542 INFO p.m.D.s.UserCSVFileLoader [main] Loading CSV file from path src/main/resources/examplefilewithexceptions.csv
2022-02-05 18:02:05,873 INFO p.m.D.s.UserCSVFileLoader [main] CSV file loaded successful
2022-02-05 18:02:05,879 WARN p.m.D.s.UserCSVFileLoader [main] Exceptions found in file src/main/resources/examplefilewithexceptions.csv
[Line 3: Number of data fields does not match number of headers., Line 5: Field 'firstName' is mandatory but no value was provided., Line 5: Field 'lastName' is mandatory but no value was provided., Line 5: Field 'birthDate' is mandatory but no value was provided., Line 7: Number of data fields does not match number of headers., Line 9: Conversion of - to java.lang.Integer failed.]
2022-02-05 18:02:05,882 INFO p.m.D.s.UserCSVFileLoader [main] Loading CSV file from path src/main/resources/examplefilewithexceptions.csv
2022-02-05 18:02:05,897 INFO p.m.D.s.UserCSVFileLoader [main] CSV file loaded successful
2022-02-05 18:02:05,897 WARN p.m.D.s.UserCSVFileLoader [main] Exceptions found in file src/main/resources/examplefilewithexceptions.csv
[Line 3: Number of data fields does not match number of headers., Line 5: Field 'firstName' is mandatory but no value was provided., Line 5: Field 'lastName' is mandatory but no value was provided., Line 5: Field 'birthDate' is mandatory but no value was provided., Line 7: Number of data fields does not match number of headers., Line 9: Conversion of - to java.lang.Integer failed.]
2022-02-05 18:02:05,903 INFO p.m.D.s.UserCSVFileLoader [main] Loading CSV file from path src/main/resources/examplefilewitherror.csv
2022-02-05 18:02:05,919 ERROR p.m.D.s.UserCSVFileLoader [main] Error in file: java.lang.RuntimeException: Error capturing CSV header!
2022-02-05 18:02:05,921 INFO p.m.D.s.UserCSVFileLoader [main] Loading CSV file from path src/main/resources/examplefilewithexceptions.csv
2022-02-05 18:02:05,938 INFO p.m.D.s.UserCSVFileLoader [main] CSV file loaded successful
2022-02-05 18:02:05,938 WARN p.m.D.s.UserCSVFileLoader [main] Exceptions found in file src/main/resources/examplefilewithexceptions.csv
[Line 3: Number of data fields does not match number of headers., Line 5: Field 'firstName' is mandatory but no value was provided., Line 5: Field 'lastName' is mandatory but no value was provided., Line 5: Field 'birthDate' is mandatory but no value was provided., Line 7: Number of data fields does not match number of headers., Line 9: Conversion of - to java.lang.Integer failed.]
2022-02-05 18:02:05,947 INFO p.m.D.s.UserCSVFileLoader [main] Loading CSV file from path not/existing/path.csv
2022-02-05 18:02:05,948 ERROR p.m.D.s.UserCSVFileLoader [main] File not found not\existing\path.csv
2022-02-05 18:02:06,289 INFO p.m.D.s.UserService [main] Deleting user with id = 1 ... 
2022-02-05 18:02:06,296 INFO p.m.D.s.UserService [main] UserId = 1 has been deleted successfully
2022-02-05 18:02:06,325 INFO p.m.D.s.UserService [main] Deleting user with id = 1 ... 
2022-02-05 18:02:06,326 WARN p.m.D.s.UserService [main] Not found user with userId = 1
2022-02-05 18:02:06,338 INFO p.m.D.s.UserService [main] Loading users from CSV file to database...
2022-02-05 18:02:06,338 INFO p.m.D.s.UserCSVFileLoader [main] Loading CSV file from path src/main/resources/examplefilewithexceptions.csv
2022-02-05 18:02:06,353 INFO p.m.D.s.UserCSVFileLoader [main] CSV file loaded successful
2022-02-05 18:02:06,354 WARN p.m.D.s.UserCSVFileLoader [main] Exceptions found in file src/main/resources/examplefilewithexceptions.csv
[Line 3: Number of data fields does not match number of headers., Line 5: Field 'firstName' is mandatory but no value was provided., Line 5: Field 'lastName' is mandatory but no value was provided., Line 5: Field 'birthDate' is mandatory but no value was provided., Line 7: Number of data fields does not match number of headers., Line 9: Conversion of - to java.lang.Integer failed.]
2022-02-05 18:02:06,370 INFO p.m.D.s.UserService [main] Users saved in database successfully
2022-02-05 18:02:06,370 WARN p.m.D.s.UserService [main] The file contains some exceptions that were not handled
2022-02-05 18:02:06,431 INFO p.m.D.s.UserService [main] Deleting all users from database...
2022-02-05 18:02:06,433 INFO p.m.D.s.UserService [main] All users has been deleted from database successfully
2022-02-05 18:02:06,442 INFO p.m.D.s.UserService [main] Loading users from CSV file to database...
2022-02-05 18:02:06,444 INFO p.m.D.s.UserCSVFileLoader [main] Loading CSV file from path src/main/resources/examplefile.csv
2022-02-05 18:02:06,474 INFO p.m.D.s.UserCSVFileLoader [main] CSV file loaded successful
2022-02-05 18:02:06,478 INFO p.m.D.s.UserService [main] Users saved in database successfully
2022-02-05 18:02:06,479 WARN p.m.D.s.UserService [main] The file contains some exceptions that were not handled
2022-02-05 18:02:06,482 INFO p.m.D.s.UserService [main] Loading users from CSV file to database...
2022-02-05 18:02:06,483 INFO p.m.D.s.UserCSVFileLoader [main] Loading CSV file from path src/main/resources/examplefile.csv
2022-02-05 18:02:06,495 INFO p.m.D.s.UserCSVFileLoader [main] CSV file loaded successful
2022-02-05 18:02:06,501 INFO p.m.D.s.UserService [main] Users saved in database successfully
2022-02-05 18:02:06,502 WARN p.m.D.s.UserService [main] The file contains some exceptions that were not handled
2022-02-05 18:02:06,538 INFO p.m.D.s.UserService [main] Loading users from CSV file to database...
2022-02-05 18:02:06,539 INFO p.m.D.s.UserCSVFileLoader [main] Loading CSV file from path src/main/resources/examplefilewitherror.csv
2022-02-05 18:02:06,549 ERROR p.m.D.s.UserCSVFileLoader [main] Error in file: java.lang.RuntimeException: Error capturing CSV header!
2022-02-05 18:02:06,556 INFO p.m.D.s.UserService [main] Deleting user with id = 1 ... 
2022-02-05 18:02:06,557 INFO p.m.D.s.UserService [main] UserId = 1 has been deleted successfully
2022-02-05 18:02:06,564 INFO p.m.D.s.UserService [main] Loading users from CSV file to database...
2022-02-05 18:02:06,565 INFO p.m.D.s.UserCSVFileLoader [main] Loading CSV file from path not/exist/path.csv
2022-02-05 18:02:06,565 ERROR p.m.D.s.UserCSVFileLoader [main] File not found not\exist\path.csv
2022-02-05 18:20:20,510 INFO p.m.D.DemoRestApiApplicationTests [main] Starting DemoRestApiApplicationTests using Java 17.0.1 on DESKTOP-9I824U3 with PID 15812 (started by MajQs-Lenovo in E:\GitHub\DemoRestApi\DemoRestApi\DemoRestApi)
2022-02-05 18:20:20,517 DEBUG p.m.D.DemoRestApiApplicationTests [main] Running with Spring Boot v2.6.3, Spring v5.3.15
2022-02-05 18:20:20,517 INFO p.m.D.DemoRestApiApplicationTests [main] No active profile set, falling back to default profiles: default
2022-02-05 18:20:27,572 INFO p.m.D.DemoRestApiApplicationTests [main] Started DemoRestApiApplicationTests in 7.515 seconds (JVM running for 11.233)
2022-02-05 18:20:28,049 INFO p.m.D.r.UserRepositoryTest [main] Starting UserRepositoryTest using Java 17.0.1 on DESKTOP-9I824U3 with PID 15812 (started by MajQs-Lenovo in E:\GitHub\DemoRestApi\DemoRestApi\DemoRestApi)
2022-02-05 18:20:28,050 DEBUG p.m.D.r.UserRepositoryTest [main] Running with Spring Boot v2.6.3, Spring v5.3.15
2022-02-05 18:20:28,051 INFO p.m.D.r.UserRepositoryTest [main] No active profile set, falling back to default profiles: default
2022-02-05 18:20:30,269 INFO p.m.D.r.UserRepositoryTest [main] Started UserRepositoryTest in 2.284 seconds (JVM running for 13.93)
2022-02-05 18:20:31,439 INFO p.m.D.s.UserCSVFileLoader [main] Loading CSV file from path src/main/resources/examplefilewithexceptions.csv
2022-02-05 18:20:31,703 INFO p.m.D.s.UserCSVFileLoader [main] CSV file loaded successful
2022-02-05 18:20:31,715 WARN p.m.D.s.UserCSVFileLoader [main] Exceptions found in file src/main/resources/examplefilewithexceptions.csv
[Line 3: Number of data fields does not match number of headers., Line 5: Field 'firstName' is mandatory but no value was provided., Line 5: Field 'lastName' is mandatory but no value was provided., Line 5: Field 'birthDate' is mandatory but no value was provided., Line 7: Number of data fields does not match number of headers., Line 9: Conversion of - to java.lang.Integer failed.]
2022-02-05 18:20:31,717 INFO p.m.D.s.UserCSVFileLoader [main] Loading CSV file from path src/main/resources/examplefilewithexceptions.csv
2022-02-05 18:20:31,745 INFO p.m.D.s.UserCSVFileLoader [main] CSV file loaded successful
2022-02-05 18:20:31,746 WARN p.m.D.s.UserCSVFileLoader [main] Exceptions found in file src/main/resources/examplefilewithexceptions.csv
[Line 3: Number of data fields does not match number of headers., Line 5: Field 'firstName' is mandatory but no value was provided., Line 5: Field 'lastName' is mandatory but no value was provided., Line 5: Field 'birthDate' is mandatory but no value was provided., Line 7: Number of data fields does not match number of headers., Line 9: Conversion of - to java.lang.Integer failed.]
2022-02-05 18:20:31,753 INFO p.m.D.s.UserCSVFileLoader [main] Loading CSV file from path src/main/resources/examplefilewitherror.csv
2022-02-05 18:20:31,763 ERROR p.m.D.s.UserCSVFileLoader [main] Error in file: java.lang.RuntimeException: Error capturing CSV header!
2022-02-05 18:20:31,765 INFO p.m.D.s.UserCSVFileLoader [main] Loading CSV file from path src/main/resources/examplefilewithexceptions.csv
2022-02-05 18:20:31,781 INFO p.m.D.s.UserCSVFileLoader [main] CSV file loaded successful
2022-02-05 18:20:31,782 WARN p.m.D.s.UserCSVFileLoader [main] Exceptions found in file src/main/resources/examplefilewithexceptions.csv
[Line 3: Number of data fields does not match number of headers., Line 5: Field 'firstName' is mandatory but no value was provided., Line 5: Field 'lastName' is mandatory but no value was provided., Line 5: Field 'birthDate' is mandatory but no value was provided., Line 7: Number of data fields does not match number of headers., Line 9: Conversion of - to java.lang.Integer failed.]
2022-02-05 18:20:31,786 INFO p.m.D.s.UserCSVFileLoader [main] Loading CSV file from path not/existing/path.csv
2022-02-05 18:20:31,787 ERROR p.m.D.s.UserCSVFileLoader [main] File not found not\existing\path.csv
2022-02-05 18:20:32,106 INFO p.m.D.s.UserService [main] Deleting user with id = 1 ... 
2022-02-05 18:20:32,115 INFO p.m.D.s.UserService [main] UserId = 1 has been deleted successfully
2022-02-05 18:20:32,145 INFO p.m.D.s.UserService [main] Loading users from CSV file to database...
2022-02-05 18:20:32,146 INFO p.m.D.s.UserCSVFileLoader [main] Loading CSV file from path src/main/resources/examplefilewithexceptions.csv
2022-02-05 18:20:32,159 INFO p.m.D.s.UserCSVFileLoader [main] CSV file loaded successful
2022-02-05 18:20:32,160 WARN p.m.D.s.UserCSVFileLoader [main] Exceptions found in file src/main/resources/examplefilewithexceptions.csv
[Line 3: Number of data fields does not match number of headers., Line 5: Field 'firstName' is mandatory but no value was provided., Line 5: Field 'lastName' is mandatory but no value was provided., Line 5: Field 'birthDate' is mandatory but no value was provided., Line 7: Number of data fields does not match number of headers., Line 9: Conversion of - to java.lang.Integer failed.]
2022-02-05 18:20:32,186 INFO p.m.D.s.UserService [main] Users saved in database successfully
2022-02-05 18:20:32,187 WARN p.m.D.s.UserService [main] The file contains some exceptions that were not handled
2022-02-05 18:20:32,202 INFO p.m.D.s.UserService [main] Deleting user with id = 1 ... 
2022-02-05 18:20:32,203 WARN p.m.D.s.UserService [main] Not found user with userId = 1
2022-02-05 18:20:32,244 INFO p.m.D.s.UserService [main] Deleting all users from database...
2022-02-05 18:20:32,245 INFO p.m.D.s.UserService [main] All users has been deleted from database successfully
2022-02-05 18:20:32,252 INFO p.m.D.s.UserService [main] Loading users from CSV file to database...
2022-02-05 18:20:32,252 INFO p.m.D.s.UserCSVFileLoader [main] Loading CSV file from path src/main/resources/examplefile.csv
2022-02-05 18:20:32,280 INFO p.m.D.s.UserCSVFileLoader [main] CSV file loaded successful
2022-02-05 18:20:32,283 INFO p.m.D.s.UserService [main] Users saved in database successfully
2022-02-05 18:20:32,283 WARN p.m.D.s.UserService [main] The file contains some exceptions that were not handled
2022-02-05 18:20:32,287 INFO p.m.D.s.UserService [main] Loading users from CSV file to database...
2022-02-05 18:20:32,293 INFO p.m.D.s.UserCSVFileLoader [main] Loading CSV file from path src/main/resources/examplefile.csv
2022-02-05 18:20:32,301 INFO p.m.D.s.UserCSVFileLoader [main] CSV file loaded successful
2022-02-05 18:20:32,307 INFO p.m.D.s.UserService [main] Users saved in database successfully
2022-02-05 18:20:32,308 WARN p.m.D.s.UserService [main] The file contains some exceptions that were not handled
2022-02-05 18:20:32,347 INFO p.m.D.s.UserService [main] Loading users from CSV file to database...
2022-02-05 18:20:32,347 INFO p.m.D.s.UserCSVFileLoader [main] Loading CSV file from path src/main/resources/examplefilewitherror.csv
2022-02-05 18:20:32,351 ERROR p.m.D.s.UserCSVFileLoader [main] Error in file: java.lang.RuntimeException: Error capturing CSV header!
2022-02-05 18:20:32,358 INFO p.m.D.s.UserService [main] Deleting user with id = 1 ... 
2022-02-05 18:20:32,358 INFO p.m.D.s.UserService [main] UserId = 1 has been deleted successfully
2022-02-05 18:20:32,363 INFO p.m.D.s.UserService [main] Loading users from CSV file to database...
2022-02-05 18:20:32,363 INFO p.m.D.s.UserCSVFileLoader [main] Loading CSV file from path not/exist/path.csv
2022-02-05 18:20:32,364 ERROR p.m.D.s.UserCSVFileLoader [main] File not found not\exist\path.csv
2022-02-05 18:22:33,990 INFO p.m.D.s.UserService [main] Loading users from CSV file to database...
2022-02-05 18:22:34,001 INFO p.m.D.s.UserCSVFileLoader [main] Loading CSV file from path src/main/resources/examplefile.csv
2022-02-05 18:22:34,185 INFO p.m.D.s.UserCSVFileLoader [main] CSV file loaded successful
2022-02-05 18:22:34,225 INFO p.m.D.s.UserService [main] Users saved in database successfully
2022-02-05 18:22:34,225 WARN p.m.D.s.UserService [main] The file contains some exceptions that were not handled [Error while validating user entries: The phone number should consist of 9 digits for User(userId=null, firstName=Ernest, lastName=Gąbka, birthDate=1991-06-01, phoneNo=null), Error while validating user entries: The phone number should consist of 9 digits for User(userId=null, firstName=Mateusz, lastName=Bąk, birthDate=1991-06-01, phoneNo=null)]
2022-02-05 18:25:04,016 INFO p.m.D.s.UserService [main] Loading users from CSV file to database...
2022-02-05 18:25:04,022 INFO p.m.D.s.UserCSVFileLoader [main] Loading CSV file from path src/main/resources/examplefile.csv
2022-02-05 18:25:04,195 INFO p.m.D.s.UserCSVFileLoader [main] CSV file loaded successful
2022-02-05 18:25:04,231 INFO p.m.D.s.UserService [main] Users saved in database successfully
2022-02-05 18:25:20,027 INFO p.m.D.DemoRestApiApplicationTests [main] Starting DemoRestApiApplicationTests using Java 17.0.1 on DESKTOP-9I824U3 with PID 9688 (started by MajQs-Lenovo in E:\GitHub\DemoRestApi\DemoRestApi\DemoRestApi)
2022-02-05 18:25:20,064 DEBUG p.m.D.DemoRestApiApplicationTests [main] Running with Spring Boot v2.6.3, Spring v5.3.15
2022-02-05 18:25:20,065 INFO p.m.D.DemoRestApiApplicationTests [main] No active profile set, falling back to default profiles: default
2022-02-05 18:25:33,299 INFO p.m.D.DemoRestApiApplicationTests [main] Started DemoRestApiApplicationTests in 14.282 seconds (JVM running for 20.439)
2022-02-05 18:25:34,127 INFO p.m.D.r.UserRepositoryTest [main] Starting UserRepositoryTest using Java 17.0.1 on DESKTOP-9I824U3 with PID 9688 (started by MajQs-Lenovo in E:\GitHub\DemoRestApi\DemoRestApi\DemoRestApi)
2022-02-05 18:25:34,129 DEBUG p.m.D.r.UserRepositoryTest [main] Running with Spring Boot v2.6.3, Spring v5.3.15
2022-02-05 18:25:34,130 INFO p.m.D.r.UserRepositoryTest [main] No active profile set, falling back to default profiles: default
2022-02-05 18:25:35,436 INFO p.m.D.r.UserRepositoryTest [main] Started UserRepositoryTest in 1.432 seconds (JVM running for 22.577)
2022-02-05 18:25:36,591 INFO p.m.D.s.UserCSVFileLoader [main] Loading CSV file from path src/main/resources/examplefilewithexceptions.csv
2022-02-05 18:25:36,879 INFO p.m.D.s.UserCSVFileLoader [main] CSV file loaded successful
2022-02-05 18:25:36,885 WARN p.m.D.s.UserCSVFileLoader [main] Exceptions found in file src/main/resources/examplefilewithexceptions.csv
[Line 3: Number of data fields does not match number of headers., Line 5: Field 'firstName' is mandatory but no value was provided., Line 5: Field 'lastName' is mandatory but no value was provided., Line 5: Field 'birthDate' is mandatory but no value was provided., Line 7: Number of data fields does not match number of headers., Line 9: Conversion of - to java.lang.Integer failed.]
2022-02-05 18:25:36,888 INFO p.m.D.s.UserCSVFileLoader [main] Loading CSV file from path src/main/resources/examplefilewithexceptions.csv
2022-02-05 18:25:36,902 INFO p.m.D.s.UserCSVFileLoader [main] CSV file loaded successful
2022-02-05 18:25:36,903 WARN p.m.D.s.UserCSVFileLoader [main] Exceptions found in file src/main/resources/examplefilewithexceptions.csv
[Line 3: Number of data fields does not match number of headers., Line 5: Field 'firstName' is mandatory but no value was provided., Line 5: Field 'lastName' is mandatory but no value was provided., Line 5: Field 'birthDate' is mandatory but no value was provided., Line 7: Number of data fields does not match number of headers., Line 9: Conversion of - to java.lang.Integer failed.]
2022-02-05 18:25:36,906 INFO p.m.D.s.UserCSVFileLoader [main] Loading CSV file from path src/main/resources/examplefilewitherror.csv
2022-02-05 18:25:36,920 ERROR p.m.D.s.UserCSVFileLoader [main] Error in file: java.lang.RuntimeException: Error capturing CSV header!
2022-02-05 18:25:36,923 INFO p.m.D.s.UserCSVFileLoader [main] Loading CSV file from path src/main/resources/examplefilewithexceptions.csv
2022-02-05 18:25:36,945 INFO p.m.D.s.UserCSVFileLoader [main] CSV file loaded successful
2022-02-05 18:25:36,945 WARN p.m.D.s.UserCSVFileLoader [main] Exceptions found in file src/main/resources/examplefilewithexceptions.csv
[Line 3: Number of data fields does not match number of headers., Line 5: Field 'firstName' is mandatory but no value was provided., Line 5: Field 'lastName' is mandatory but no value was provided., Line 5: Field 'birthDate' is mandatory but no value was provided., Line 7: Number of data fields does not match number of headers., Line 9: Conversion of - to java.lang.Integer failed.]
2022-02-05 18:25:36,956 INFO p.m.D.s.UserCSVFileLoader [main] Loading CSV file from path not/existing/path.csv
2022-02-05 18:25:36,957 ERROR p.m.D.s.UserCSVFileLoader [main] File not found not\existing\path.csv
2022-02-05 18:25:37,333 INFO p.m.D.s.UserService [main] Deleting user with id = 1 ... 
2022-02-05 18:25:37,346 INFO p.m.D.s.UserService [main] UserId = 1 has been deleted successfully
2022-02-05 18:25:37,374 INFO p.m.D.s.UserService [main] Loading users from CSV file to database...
2022-02-05 18:25:37,374 INFO p.m.D.s.UserCSVFileLoader [main] Loading CSV file from path src/main/resources/examplefilewithexceptions.csv
2022-02-05 18:25:37,386 INFO p.m.D.s.UserCSVFileLoader [main] CSV file loaded successful
2022-02-05 18:25:37,388 WARN p.m.D.s.UserCSVFileLoader [main] Exceptions found in file src/main/resources/examplefilewithexceptions.csv
[Line 3: Number of data fields does not match number of headers., Line 5: Field 'firstName' is mandatory but no value was provided., Line 5: Field 'lastName' is mandatory but no value was provided., Line 5: Field 'birthDate' is mandatory but no value was provided., Line 7: Number of data fields does not match number of headers., Line 9: Conversion of - to java.lang.Integer failed.]
2022-02-05 18:25:37,405 INFO p.m.D.s.UserService [main] Users saved in database successfully
2022-02-05 18:25:37,409 WARN p.m.D.s.UserService [main] The file contains some exceptions that were not handled [Line 3: Number of data fields does not match number of headers., Line 5: Field 'firstName' is mandatory but no value was provided., Line 5: Field 'lastName' is mandatory but no value was provided., Line 5: Field 'birthDate' is mandatory but no value was provided., Line 7: Number of data fields does not match number of headers., Line 9: Conversion of - to java.lang.Integer failed., Error while validating user entries: The phone number should consist of 9 digits for User(userId=null, firstName=Tadeusz, lastName=Kowalski, birthDate=1962-03-24, phoneNo=1234567890)]
2022-02-05 18:25:37,465 INFO p.m.D.s.UserService [main] Deleting user with id = 1 ... 
2022-02-05 18:25:37,466 WARN p.m.D.s.UserService [main] Not found user with userId = 1
2022-02-05 18:25:37,483 INFO p.m.D.s.UserService [main] Deleting all users from database...
2022-02-05 18:25:37,483 INFO p.m.D.s.UserService [main] All users has been deleted from database successfully
2022-02-05 18:25:37,501 INFO p.m.D.s.UserService [main] Loading users from CSV file to database...
2022-02-05 18:25:37,501 INFO p.m.D.s.UserCSVFileLoader [main] Loading CSV file from path src/main/resources/examplefile.csv
2022-02-05 18:25:37,514 INFO p.m.D.s.UserCSVFileLoader [main] CSV file loaded successful
2022-02-05 18:25:37,523 INFO p.m.D.s.UserService [main] Users saved in database successfully
2022-02-05 18:25:37,524 WARN p.m.D.s.UserService [main] The file contains some exceptions that were not handled [Cant add user to database. Phone number already exist : 600700800, Cant add user to database. Phone number already exist : 555666777, Cant add user to database. Phone number already exist : 670540120]
2022-02-05 18:25:37,530 INFO p.m.D.s.UserService [main] Loading users from CSV file to database...
2022-02-05 18:25:37,532 INFO p.m.D.s.UserCSVFileLoader [main] Loading CSV file from path src/main/resources/examplefile.csv
2022-02-05 18:25:37,552 INFO p.m.D.s.UserCSVFileLoader [main] CSV file loaded successful
2022-02-05 18:25:37,558 INFO p.m.D.s.UserService [main] Users saved in database successfully
2022-02-05 18:25:37,595 INFO p.m.D.s.UserService [main] Loading users from CSV file to database...
2022-02-05 18:25:37,595 INFO p.m.D.s.UserCSVFileLoader [main] Loading CSV file from path src/main/resources/examplefilewitherror.csv
2022-02-05 18:25:37,603 ERROR p.m.D.s.UserCSVFileLoader [main] Error in file: java.lang.RuntimeException: Error capturing CSV header!
2022-02-05 18:25:37,611 INFO p.m.D.s.UserService [main] Deleting user with id = 1 ... 
2022-02-05 18:25:37,612 INFO p.m.D.s.UserService [main] UserId = 1 has been deleted successfully
2022-02-05 18:25:37,618 INFO p.m.D.s.UserService [main] Loading users from CSV file to database...
2022-02-05 18:25:37,618 INFO p.m.D.s.UserCSVFileLoader [main] Loading CSV file from path not/exist/path.csv
2022-02-05 18:25:37,618 ERROR p.m.D.s.UserCSVFileLoader [main] File not found not\exist\path.csv
2022-02-05 18:28:50,193 INFO p.m.D.DemoRestApiApplicationTests [main] Starting DemoRestApiApplicationTests using Java 17.0.1 on DESKTOP-9I824U3 with PID 280 (started by MajQs-Lenovo in E:\GitHub\DemoRestApi\DemoRestApi\DemoRestApi)
2022-02-05 18:28:50,235 DEBUG p.m.D.DemoRestApiApplicationTests [main] Running with Spring Boot v2.6.3, Spring v5.3.15
2022-02-05 18:28:50,236 INFO p.m.D.DemoRestApiApplicationTests [main] No active profile set, falling back to default profiles: default
2022-02-05 18:29:03,459 INFO p.m.D.DemoRestApiApplicationTests [main] Started DemoRestApiApplicationTests in 14.098 seconds (JVM running for 19.946)
2022-02-05 18:29:04,447 INFO p.m.D.r.UserRepositoryTest [main] Starting UserRepositoryTest using Java 17.0.1 on DESKTOP-9I824U3 with PID 280 (started by MajQs-Lenovo in E:\GitHub\DemoRestApi\DemoRestApi\DemoRestApi)
2022-02-05 18:29:04,449 DEBUG p.m.D.r.UserRepositoryTest [main] Running with Spring Boot v2.6.3, Spring v5.3.15
2022-02-05 18:29:04,449 INFO p.m.D.r.UserRepositoryTest [main] No active profile set, falling back to default profiles: default
2022-02-05 18:29:05,437 INFO p.m.D.r.UserRepositoryTest [main] Started UserRepositoryTest in 1.079 seconds (JVM running for 21.923)
2022-02-05 18:29:06,464 INFO p.m.D.s.UserCSVFileLoader [main] Loading CSV file from path src/main/resources/examplefilewithexceptions.csv
2022-02-05 18:29:06,816 INFO p.m.D.s.UserCSVFileLoader [main] CSV file loaded successful
2022-02-05 18:29:06,827 WARN p.m.D.s.UserCSVFileLoader [main] Exceptions found in file src/main/resources/examplefilewithexceptions.csv
[Line 3: Number of data fields does not match number of headers., Line 5: Field 'firstName' is mandatory but no value was provided., Line 5: Field 'lastName' is mandatory but no value was provided., Line 5: Field 'birthDate' is mandatory but no value was provided., Line 7: Number of data fields does not match number of headers., Line 9: Conversion of - to java.lang.Integer failed.]
2022-02-05 18:29:06,834 INFO p.m.D.s.UserCSVFileLoader [main] Loading CSV file from path src/main/resources/examplefilewithexceptions.csv
2022-02-05 18:29:06,853 INFO p.m.D.s.UserCSVFileLoader [main] CSV file loaded successful
2022-02-05 18:29:06,855 WARN p.m.D.s.UserCSVFileLoader [main] Exceptions found in file src/main/resources/examplefilewithexceptions.csv
[Line 3: Number of data fields does not match number of headers., Line 5: Field 'firstName' is mandatory but no value was provided., Line 5: Field 'lastName' is mandatory but no value was provided., Line 5: Field 'birthDate' is mandatory but no value was provided., Line 7: Number of data fields does not match number of headers., Line 9: Conversion of - to java.lang.Integer failed.]
2022-02-05 18:29:06,872 INFO p.m.D.s.UserCSVFileLoader [main] Loading CSV file from path src/main/resources/examplefilewitherror.csv
2022-02-05 18:29:06,890 ERROR p.m.D.s.UserCSVFileLoader [main] Error in file: java.lang.RuntimeException: Error capturing CSV header!
2022-02-05 18:29:06,893 INFO p.m.D.s.UserCSVFileLoader [main] Loading CSV file from path src/main/resources/examplefilewithexceptions.csv
2022-02-05 18:29:06,919 INFO p.m.D.s.UserCSVFileLoader [main] CSV file loaded successful
2022-02-05 18:29:06,920 WARN p.m.D.s.UserCSVFileLoader [main] Exceptions found in file src/main/resources/examplefilewithexceptions.csv
[Line 3: Number of data fields does not match number of headers., Line 5: Field 'firstName' is mandatory but no value was provided., Line 5: Field 'lastName' is mandatory but no value was provided., Line 5: Field 'birthDate' is mandatory but no value was provided., Line 7: Number of data fields does not match number of headers., Line 9: Conversion of - to java.lang.Integer failed.]
2022-02-05 18:29:06,927 INFO p.m.D.s.UserCSVFileLoader [main] Loading CSV file from path not/existing/path.csv
2022-02-05 18:29:06,928 ERROR p.m.D.s.UserCSVFileLoader [main] File not found not\existing\path.csv
2022-02-05 18:29:07,419 INFO p.m.D.s.UserService [main] Deleting user with id = 1 ... 
2022-02-05 18:29:07,432 INFO p.m.D.s.UserService [main] UserId = 1 has been deleted successfully
2022-02-05 18:29:07,478 INFO p.m.D.s.UserService [main] Deleting user with id = 1 ... 
2022-02-05 18:29:07,479 WARN p.m.D.s.UserService [main] Not found user with userId = 1
2022-02-05 18:29:07,488 INFO p.m.D.s.UserService [main] Loading users from CSV file to database...
2022-02-05 18:29:07,490 INFO p.m.D.s.UserCSVFileLoader [main] Loading CSV file from path src/main/resources/examplefilewithexceptions.csv
2022-02-05 18:29:07,501 INFO p.m.D.s.UserCSVFileLoader [main] CSV file loaded successful
2022-02-05 18:29:07,505 WARN p.m.D.s.UserCSVFileLoader [main] Exceptions found in file src/main/resources/examplefilewithexceptions.csv
[Line 3: Number of data fields does not match number of headers., Line 5: Field 'firstName' is mandatory but no value was provided., Line 5: Field 'lastName' is mandatory but no value was provided., Line 5: Field 'birthDate' is mandatory but no value was provided., Line 7: Number of data fields does not match number of headers., Line 9: Conversion of - to java.lang.Integer failed.]
2022-02-05 18:29:07,519 INFO p.m.D.s.UserService [main] Users saved in database successfully
2022-02-05 18:29:07,520 WARN p.m.D.s.UserService [main] The file contains some exceptions that were not handled [Line 3: Number of data fields does not match number of headers., Line 5: Field 'firstName' is mandatory but no value was provided., Line 5: Field 'lastName' is mandatory but no value was provided., Line 5: Field 'birthDate' is mandatory but no value was provided., Line 7: Number of data fields does not match number of headers., Line 9: Conversion of - to java.lang.Integer failed., Error while validating user entries: The phone number should consist of 9 digits for User(userId=null, firstName=Tadeusz, lastName=Kowalski, birthDate=1962-03-24, phoneNo=1234567890)]
2022-02-05 18:29:07,531 INFO p.m.D.s.UserService [main] Deleting all users from database...
2022-02-05 18:29:07,533 INFO p.m.D.s.UserService [main] All users has been deleted from database successfully
2022-02-05 18:29:07,540 INFO p.m.D.s.UserService [main] Loading users from CSV file to database...
2022-02-05 18:29:07,541 INFO p.m.D.s.UserCSVFileLoader [main] Loading CSV file from path src/main/resources/examplefile.csv
2022-02-05 18:29:07,559 INFO p.m.D.s.UserCSVFileLoader [main] CSV file loaded successful
2022-02-05 18:29:07,568 INFO p.m.D.s.UserService [main] Users saved in database successfully
2022-02-05 18:29:07,569 WARN p.m.D.s.UserService [main] The file contains some exceptions that were not handled [Cant add user to database. Phone number already exist : 600700800, Cant add user to database. Phone number already exist : 555666777, Cant add user to database. Phone number already exist : 670540120]
2022-02-05 18:29:07,575 INFO p.m.D.s.UserService [main] Loading users from CSV file to database...
2022-02-05 18:29:07,576 INFO p.m.D.s.UserCSVFileLoader [main] Loading CSV file from path src/main/resources/examplefile.csv
2022-02-05 18:29:07,590 INFO p.m.D.s.UserCSVFileLoader [main] CSV file loaded successful
2022-02-05 18:29:07,602 INFO p.m.D.s.UserService [main] Users saved in database successfully
2022-02-05 18:29:07,633 INFO p.m.D.s.UserService [main] Loading users from CSV file to database...
2022-02-05 18:29:07,633 INFO p.m.D.s.UserCSVFileLoader [main] Loading CSV file from path src/main/resources/examplefilewitherror.csv
2022-02-05 18:29:07,650 ERROR p.m.D.s.UserCSVFileLoader [main] Error in file: java.lang.RuntimeException: Error capturing CSV header!
2022-02-05 18:29:07,657 INFO p.m.D.s.UserService [main] Deleting user with id = 1 ... 
2022-02-05 18:29:07,658 INFO p.m.D.s.UserService [main] UserId = 1 has been deleted successfully
2022-02-05 18:29:07,665 INFO p.m.D.s.UserService [main] Loading users from CSV file to database...
2022-02-05 18:29:07,666 INFO p.m.D.s.UserCSVFileLoader [main] Loading CSV file from path not/exist/path.csv
2022-02-05 18:29:07,666 ERROR p.m.D.s.UserCSVFileLoader [main] File not found not\exist\path.csv
